[www.behance.net/gallery/90323761/Your-Harmony9eef.html]
[backblue.gif]
[fade.gif]
[index.html]
[a5.behance.net/3b8cd76e3af6fbe1a520896f8da9c9d970ca4408/img/site/apple-touch-icon08a5.png]
[mir-s3-cdn-cf.behance.net/projects/202/125bf990323761.Y3JvcCwzMTkwLDI0OTUsMCww.png]
[a5.behance.net/3b8cd76e3af6fbe1a520896f8da9c9d970ca4408/css/networki08a5.css]
[www.behance.net/gallery/90323761/Your-Harmony.html]
[a5.behance.net/3b8cd76e3af6fbe1a520896f8da9c9d970ca4408/css/project/page08a5.css]
[a5.behance.net/3b8cd76e3af6fbe1a520896f8da9c9d970ca4408/css/responsive08a5.css]
[mir-s3-cdn-cf.behance.net/user/115/4cd0fa43932699.57f2123fc4bbb.png]
[www.behance.net/gallery/90323761/POST.html]
[mir-s3-cdn-cf.behance.net/user/115/b01b30141314369.5b54a2725ab27.jpg]
[mir-s3-cdn-cf.behance.net/user/115/e2bf3b5264471.593bc6b21241a.jpg]
[mir-s3-cdn-cf.behance.net/project_modules/1400/cfaa2c90323761.5e14aaec3c6c5.png]
[mir-s3-cdn-cf.behance.net/project_modules/1400/a3717590323761.5e14aaec39a08.png]
[mir-s3-cdn-cf.behance.net/project_modules/1400/174ac590323761.5e14aaec3b831.png]
[mir-s3-cdn-cf.behance.net/project_modules/1400/a632c090323761.5e14aaec3ea14.png]
[mir-s3-cdn-cf.behance.net/project_modules/1400/97e33b90323761.5e14aaec36b4b.png]
[mir-s3-cdn-cf.behance.net/project_modules/1400/f1aa9890323761.5e14aaec3e3a1.png]
[mir-s3-cdn-cf.behance.net/project_modules/1400/cc5e6490323761.5e14aaec38c75.png]
[mir-s3-cdn-cf.behance.net/project_modules/1400/eb9b6590323761.5e14aaec37c5b.png]
[mir-s3-cdn-cf.behance.net/project_modules/1400/e1716b90323761.5e14aaec3be8a.png]
[mir-s3-cdn-cf.behance.net/project_modules/1400/a55fe390323761.5e14aaec3a7d3.png]
[a5.behance.net/3b8cd76e3af6fbe1a520896f8da9c9d970ca4408/img/site/blank.png]
[mir-s3-cdn-cf.behance.net/user/50/4cd0fa43932699.57f2123fc4bbb.png]
[mir-s3-cdn-cf.behance.net/user/50/4a2dd9116381.592ddaf631ef4.png]
[mir-s3-cdn-cf.behance.net/user/50/1b68192345609.5a0fff97f412b.jpg]
[mir-s3-cdn-cf.behance.net/user/50/7d7a9171142991.5e1dbf3437748.jpg]
[mir-s3-cdn-cf.behance.net/user/50/3893ab111026.5a6597e4dadcd.jpg]
[mir-s3-cdn-cf.behance.net/user/50/e9535458131.5912e172b79ed.jpg]
[mir-s3-cdn-cf.behance.net/team/115/2c3dd375003.57f22e682e4e5.jpg]
[www.behance.net/assets/img/footer/icon-ad-choices.png]
[a5.behance.net/3b8cd76e3af6fbe1a520896f8da9c9d970ca4408/js/vendor/jquery/jquery.min08a5.js]
[a5.behance.net/3b8cd76e3af6fbe1a520896f8da9c9d970ca4408/js/network08a5.js]
[www.behance.net/gallery/90323761/Your-Harmony9eef.html]
[www.behance.net/gallery/90323761/Your-Harmony.html]
[a5.behance.net/3b8cd76e3af6fbe1a520896f8da9c9d970ca4408/js/main.js]
[a5.behance.net/3b8cd76e3af6fbe1a520896f8da9c9d970ca4408/img/sprites/infinity-footer.png]
[a5.behance.net/3b8cd76e3af6fbe1a520896f8da9c9d970ca4408/img/sprites/infinity-footer-2x.png]
[a5.behance.net/3b8cd76e3af6fbe1a520896f8da9c9d970ca4408/img/site/custom-inputs-2x.png]
[a5.behance.net/3b8cd76e3af6fbe1a520896f8da9c9d970ca4408/img/jquery/plugins/fancybox/loading.gif]
[a5.behance.net/3b8cd76e3af6fbe1a520896f8da9c9d970ca4408/img/inbox/reply.png]
[a5.behance.net/3b8cd76e3af6fbe1a520896f8da9c9d970ca4408/img/site/custom-inputs.png]
[a5.behance.net/3b8cd76e3af6fbe1a520896f8da9c9d970ca4408/css/networki08a5.css]
[a5.behance.net/3b8cd76e3af6fbe1a520896f8da9c9d970ca4408/img/ppp/portfolio-device-desktop.png]
[a5.behance.net/3b8cd76e3af6fbe1a520896f8da9c9d970ca4408/img/ppp/portfolio-device-mobile.png]
[a5.behance.net/3b8cd76e3af6fbe1a520896f8da9c9d970ca4408/css/project/page08a5.css]
[a5.behance.net/3b8cd76e3af6fbe1a520896f8da9c9d970ca4408/img/sprites/popup-lists-2x.png]
[a5.behance.net/3b8cd76e3af6fbe1a520896f8da9c9d970ca4408/css/responsive08a5.css]
[www.behance.net/gallery/90323761/POST.html]
